2024-04-17 13:13:44 - INFO - Training configuration:
2024-04-17 13:13:44 - INFO - batch_size: 48
2024-04-17 13:13:44 - INFO - epochs: 10
2024-04-17 13:13:44 - INFO - learning_rate: 0.001
2024-04-17 13:13:44 - INFO - layers: 40
2024-04-17 13:13:44 - INFO - widen_factor: 2
2024-04-17 13:13:44 - INFO - droprate: 0.3
2024-04-17 13:13:44 - INFO - momentum: 0.9
2024-04-17 13:13:44 - INFO - decay: 0.0005
2024-04-17 13:13:44 - INFO - folder: ./checkpoints
2024-04-17 13:13:44 - INFO - save: ./checkpoints/epoch
2024-04-17 13:13:44 - INFO - load_epoch: 10
2024-04-17 13:13:44 - INFO - preload: False
2024-04-17 13:13:45 - INFO - Using Device: cuda
2024-04-17 13:16:16 - INFO - Epoch 1: Train Loss: 2.071, Train Accuracy: 19.62%
2024-04-17 13:16:16 - INFO - Checkpoint saved at ./checkpoints/epoch_0.pth
2024-04-17 13:16:21 - INFO - Epoch 1: Test Accuracy: 10.66%
2024-04-17 13:16:35 - INFO - Epoch 1: Max Softmax Scores (CIFAR-10 first 5): [0.20329782, 0.13558139, 0.14178738, 0.14475957, 0.23253466]
2024-04-17 13:16:35 - INFO - Epoch 1: Max Softmax Scores (SVHN first 5): [0.23851267, 0.18510765, 0.2022584, 0.20062645, 0.21555595]
2024-04-17 13:17:46 - INFO - Epoch 2: Train Loss: 1.821, Train Accuracy: 29.47%
2024-04-17 13:17:47 - INFO - Checkpoint saved at ./checkpoints/epoch_1.pth
2024-04-17 13:17:52 - INFO - Epoch 2: Test Accuracy: 13.06%
2024-04-17 13:18:05 - INFO - Epoch 2: Max Softmax Scores (CIFAR-10 first 5): [0.24266537, 0.33730787, 0.14552693, 0.16748628, 0.3200585]
2024-04-17 13:18:05 - INFO - Epoch 2: Max Softmax Scores (SVHN first 5): [0.32455322, 0.23560652, 0.20176853, 0.23158452, 0.27423027]
2024-04-17 13:19:22 - INFO - Epoch 3: Train Loss: 1.711, Train Accuracy: 33.41%
2024-04-17 13:19:22 - INFO - Checkpoint saved at ./checkpoints/epoch_2.pth
2024-04-17 13:19:27 - INFO - Epoch 3: Test Accuracy: 16.39%
2024-04-17 13:19:42 - INFO - Epoch 3: Max Softmax Scores (CIFAR-10 first 5): [0.27840713, 0.30104685, 0.37337258, 0.18985108, 0.42549863]
2024-04-17 13:19:42 - INFO - Epoch 3: Max Softmax Scores (SVHN first 5): [0.4183429, 0.41621614, 0.32495302, 0.3720775, 0.4314983]
2024-04-17 13:21:00 - INFO - Epoch 4: Train Loss: 1.612, Train Accuracy: 38.03%
2024-04-17 13:21:01 - INFO - Checkpoint saved at ./checkpoints/epoch_3.pth
2024-04-17 13:21:06 - INFO - Epoch 4: Test Accuracy: 28.77%
2024-04-17 13:21:20 - INFO - Epoch 4: Max Softmax Scores (CIFAR-10 first 5): [0.34294346, 0.5874228, 0.57903767, 0.51126575, 0.4483665]
2024-04-17 13:21:20 - INFO - Epoch 4: Max Softmax Scores (SVHN first 5): [0.5387729, 0.5044909, 0.32159513, 0.38853848, 0.52953035]
2024-04-17 13:22:40 - INFO - Epoch 5: Train Loss: 1.524, Train Accuracy: 41.88%
2024-04-17 13:22:40 - INFO - Checkpoint saved at ./checkpoints/epoch_4.pth
2024-04-17 13:22:46 - INFO - Epoch 5: Test Accuracy: 34.14%
2024-04-17 13:23:01 - INFO - Epoch 5: Max Softmax Scores (CIFAR-10 first 5): [0.41634783, 0.84769315, 0.80693084, 0.846921, 0.74628454]
2024-04-17 13:23:01 - INFO - Epoch 5: Max Softmax Scores (SVHN first 5): [0.53319615, 0.63460875, 0.48432842, 0.5250691, 0.6102692]
2024-04-17 13:24:21 - INFO - Epoch 6: Train Loss: 1.428, Train Accuracy: 46.27%
2024-04-17 13:24:21 - INFO - Checkpoint saved at ./checkpoints/epoch_5.pth
2024-04-17 13:24:27 - INFO - Epoch 6: Test Accuracy: 35.21%
2024-04-17 13:24:41 - INFO - Epoch 6: Max Softmax Scores (CIFAR-10 first 5): [0.5347651, 0.98562235, 0.9619981, 0.9508875, 0.92954427]
2024-04-17 13:24:41 - INFO - Epoch 6: Max Softmax Scores (SVHN first 5): [0.5843628, 0.50198764, 0.3913644, 0.33425033, 0.49088615]
2024-04-17 13:26:07 - INFO - Epoch 7: Train Loss: 1.338, Train Accuracy: 50.54%
2024-04-17 13:26:07 - INFO - Checkpoint saved at ./checkpoints/epoch_6.pth
2024-04-17 13:26:13 - INFO - Epoch 7: Test Accuracy: 39.04%
2024-04-17 13:26:28 - INFO - Epoch 7: Max Softmax Scores (CIFAR-10 first 5): [0.6439209, 0.98763126, 0.9397456, 0.8895437, 0.9668792]
2024-04-17 13:26:28 - INFO - Epoch 7: Max Softmax Scores (SVHN first 5): [0.5307816, 0.4158944, 0.60500973, 0.46256, 0.4086577]
2024-04-17 13:27:54 - INFO - Epoch 8: Train Loss: 1.258, Train Accuracy: 53.67%
2024-04-17 13:27:54 - INFO - Checkpoint saved at ./checkpoints/epoch_7.pth
2024-04-17 13:28:00 - INFO - Epoch 8: Test Accuracy: 43.63%
2024-04-17 13:28:15 - INFO - Epoch 8: Max Softmax Scores (CIFAR-10 first 5): [0.5293081, 0.98726153, 0.98027486, 0.93319446, 0.95875174]
2024-04-17 13:28:15 - INFO - Epoch 8: Max Softmax Scores (SVHN first 5): [0.4621885, 0.44056845, 0.64960206, 0.52413946, 0.46015677]
2024-04-17 13:29:39 - INFO - Epoch 9: Train Loss: 1.198, Train Accuracy: 56.37%
2024-04-17 13:29:39 - INFO - Checkpoint saved at ./checkpoints/epoch_8.pth
2024-04-17 13:29:44 - INFO - Epoch 9: Test Accuracy: 48.79%
2024-04-17 13:29:58 - INFO - Epoch 9: Max Softmax Scores (CIFAR-10 first 5): [0.4839488, 0.8961085, 0.9888438, 0.8962798, 0.9646185]
2024-04-17 13:29:58 - INFO - Epoch 9: Max Softmax Scores (SVHN first 5): [0.5175186, 0.37262458, 0.602603, 0.3840283, 0.44630685]
2024-04-17 13:31:13 - INFO - Epoch 10: Train Loss: 1.134, Train Accuracy: 58.79%
2024-04-17 13:31:14 - INFO - Checkpoint saved at ./checkpoints/epoch_9.pth
2024-04-17 13:31:19 - INFO - Epoch 10: Test Accuracy: 55.34%
2024-04-17 13:31:32 - INFO - Epoch 10: Max Softmax Scores (CIFAR-10 first 5): [0.5094275, 0.960515, 0.9932627, 0.9550639, 0.965217]
2024-04-17 13:31:32 - INFO - Epoch 10: Max Softmax Scores (SVHN first 5): [0.53829217, 0.5187496, 0.7335239, 0.46678156, 0.4458249]
2024-04-17 14:27:44 - INFO - Training configuration:
2024-04-17 14:27:44 - INFO - batch_size: 256
2024-04-17 14:27:44 - INFO - epochs: 20
2024-04-17 14:27:44 - INFO - learning_rate: 0.001
2024-04-17 14:27:44 - INFO - layers: 40
2024-04-17 14:27:44 - INFO - widen_factor: 2
2024-04-17 14:27:44 - INFO - droprate: 0.3
2024-04-17 14:27:44 - INFO - momentum: 0.9
2024-04-17 14:27:44 - INFO - decay: 0.0005
2024-04-17 14:27:44 - INFO - folder: ./checkpoints
2024-04-17 14:27:44 - INFO - save: ./checkpoints/epoch
2024-04-17 14:27:44 - INFO - load_epoch: 9
2024-04-17 14:27:44 - INFO - preload: True
2024-04-17 14:27:45 - INFO - Using Device: cuda
2024-04-17 14:27:53 - INFO - Checkpoint loaded from ./checkpoints/epoch_9.pth, at epoch 9
2024-04-17 14:28:47 - INFO - Epoch 10: Train Loss: 1.040, Train Accuracy: 62.52%
2024-04-17 14:28:47 - INFO - Checkpoint saved at ./checkpoints/epoch_9.pth
2024-04-17 14:28:52 - INFO - Epoch 10: Test Accuracy: 54.29%
2024-04-17 14:29:03 - INFO - Epoch 10: Max Softmax Scores (CIFAR-10 first 5): [0.51687056, 0.94016373, 0.99255484, 0.9481395, 0.9781211]
2024-04-17 14:29:03 - INFO - Epoch 10: Max Softmax Scores (SVHN first 5): [0.4660847, 0.43933156, 0.65170187, 0.40332896, 0.5172709]
2024-04-17 14:29:56 - INFO - Epoch 11: Train Loss: 1.029, Train Accuracy: 62.89%
2024-04-17 14:29:56 - INFO - Checkpoint saved at ./checkpoints/epoch_10.pth
2024-04-17 14:30:01 - INFO - Epoch 11: Test Accuracy: 53.94%
2024-04-17 14:30:14 - INFO - Epoch 11: Max Softmax Scores (CIFAR-10 first 5): [0.4948048, 0.9805823, 0.99443793, 0.9630263, 0.9769304]
2024-04-17 14:30:14 - INFO - Epoch 11: Max Softmax Scores (SVHN first 5): [0.4396523, 0.5372031, 0.68001074, 0.45322612, 0.4614345]
2024-04-17 14:31:09 - INFO - Epoch 12: Train Loss: 1.020, Train Accuracy: 62.93%
2024-04-17 14:31:09 - INFO - Checkpoint saved at ./checkpoints/epoch_11.pth
2024-04-17 14:31:14 - INFO - Epoch 12: Test Accuracy: 54.61%
2024-04-17 14:31:27 - INFO - Epoch 12: Max Softmax Scores (CIFAR-10 first 5): [0.54505706, 0.97724074, 0.9932607, 0.9503784, 0.9712134]
2024-04-17 14:31:27 - INFO - Epoch 12: Max Softmax Scores (SVHN first 5): [0.4253853, 0.40601534, 0.62387896, 0.35377502, 0.5176714]
2024-04-17 14:32:27 - INFO - Epoch 13: Train Loss: 1.013, Train Accuracy: 63.43%
2024-04-17 14:32:27 - INFO - Checkpoint saved at ./checkpoints/epoch_12.pth
2024-04-17 14:32:33 - INFO - Epoch 13: Test Accuracy: 55.96%
2024-04-17 14:32:46 - INFO - Epoch 13: Max Softmax Scores (CIFAR-10 first 5): [0.5736741, 0.9904212, 0.997036, 0.9630827, 0.97870445]
2024-04-17 14:32:46 - INFO - Epoch 13: Max Softmax Scores (SVHN first 5): [0.56407857, 0.5428342, 0.69770795, 0.4409568, 0.48933333]
2024-04-17 14:33:46 - INFO - Epoch 14: Train Loss: 1.008, Train Accuracy: 63.52%
2024-04-17 14:33:46 - INFO - Checkpoint saved at ./checkpoints/epoch_13.pth
2024-04-17 14:33:51 - INFO - Epoch 14: Test Accuracy: 56.30%
2024-04-17 14:34:05 - INFO - Epoch 14: Max Softmax Scores (CIFAR-10 first 5): [0.59113544, 0.9808779, 0.9976821, 0.9757893, 0.9693196]
2024-04-17 14:34:05 - INFO - Epoch 14: Max Softmax Scores (SVHN first 5): [0.5177809, 0.50971067, 0.68816364, 0.42031273, 0.51551956]
2024-04-17 14:35:04 - INFO - Epoch 15: Train Loss: 1.000, Train Accuracy: 63.95%
2024-04-17 14:35:04 - INFO - Checkpoint saved at ./checkpoints/epoch_14.pth
2024-04-17 14:35:10 - INFO - Epoch 15: Test Accuracy: 56.27%
2024-04-17 14:35:24 - INFO - Epoch 15: Max Softmax Scores (CIFAR-10 first 5): [0.59520036, 0.97068024, 0.9959935, 0.95861995, 0.97709686]
2024-04-17 14:35:24 - INFO - Epoch 15: Max Softmax Scores (SVHN first 5): [0.46973234, 0.5494519, 0.7094275, 0.4429333, 0.5992631]
2024-04-17 14:36:24 - INFO - Epoch 16: Train Loss: 0.995, Train Accuracy: 63.91%
2024-04-17 14:36:24 - INFO - Checkpoint saved at ./checkpoints/epoch_15.pth
2024-04-17 14:36:29 - INFO - Epoch 16: Test Accuracy: 54.74%
2024-04-17 14:36:43 - INFO - Epoch 16: Max Softmax Scores (CIFAR-10 first 5): [0.5817319, 0.97441036, 0.9971148, 0.9628716, 0.9772339]
2024-04-17 14:36:43 - INFO - Epoch 16: Max Softmax Scores (SVHN first 5): [0.40100738, 0.4656813, 0.6738659, 0.38942128, 0.5434312]
